  Determining projects to restore...
  All projects are up-to-date for restore.
/app/khatoon_server_dotnet/Service/InvoiceLineService.cs(10,18): error CS0311: The type 'khatoon_server_dotnet.Model.Entities.InvoiceLine' cannot be used as type parameter 'TEntity' in the generic type or method 'Service<TEntity, TResponseDto, TCreateDto, TUpdateDto>'. There is no implicit reference conversion from 'khatoon_server_dotnet.Model.Entities.InvoiceLine' to 'khatoon_server_dotnet.Model.Interfaces.IHasId'. [/app/khatoon_server_dotnet/khatoon_server_dotnet.csproj]
/app/khatoon_server_dotnet/Service/PaymentAllocationService.cs(10,18): error CS0311: The type 'khatoon_server_dotnet.Model.Entities.PaymentAllocation' cannot be used as type parameter 'TEntity' in the generic type or method 'Service<TEntity, TResponseDto, TCreateDto, TUpdateDto>'. There is no implicit reference conversion from 'khatoon_server_dotnet.Model.Entities.PaymentAllocation' to 'khatoon_server_dotnet.Model.Interfaces.IHasId'. [/app/khatoon_server_dotnet/khatoon_server_dotnet.csproj]

Build FAILED.

/app/khatoon_server_dotnet/Service/InvoiceLineService.cs(10,18): error CS0311: The type 'khatoon_server_dotnet.Model.Entities.InvoiceLine' cannot be used as type parameter 'TEntity' in the generic type or method 'Service<TEntity, TResponseDto, TCreateDto, TUpdateDto>'. There is no implicit reference conversion from 'khatoon_server_dotnet.Model.Entities.InvoiceLine' to 'khatoon_server_dotnet.Model.Interfaces.IHasId'. [/app/khatoon_server_dotnet/khatoon_server_dotnet.csproj]
/app/khatoon_server_dotnet/Service/PaymentAllocationService.cs(10,18): error CS0311: The type 'khatoon_server_dotnet.Model.Entities.PaymentAllocation' cannot be used as type parameter 'TEntity' in the generic type or method 'Service<TEntity, TResponseDto, TCreateDto, TUpdateDto>'. There is no implicit reference conversion from 'khatoon_server_dotnet.Model.Entities.PaymentAllocation' to 'khatoon_server_dotnet.Model.Interfaces.IHasId'. [/app/khatoon_server_dotnet/khatoon_server_dotnet.csproj]
    0 Warning(s)
    2 Error(s)

Time Elapsed 00:00:03.11
